<?xml version="1.0" encoding="UTF-8"?>
<testsuite xmlns:xsi="http://www.w3.org/2001/XMLSchema-instance" xsi:noNamespaceSchemaLocation="https://maven.apache.org/surefire/maven-surefire-plugin/xsd/surefire-test-report-3.0.xsd" version="3.0" name="org.irina.UniversityTest" time="0.34" tests="3" errors="0" skipped="0" failures="0">
  <properties>
[...]
</properties>
  <testcase name="checkUniversityCreate" classname="org.irina.UniversityTest" time="0.145"/>
  <testcase name="checkFirstName" classname="org.irina.UniversityTest" time="0.016"/>
  <testcase name="checkFacultySearch" classname="org.irina.UniversityTest" time="0.005"/>
</testsuite>